f:\java2\java\gitlab\utils\utils\project1\debug\vc140.pdb
f:\java2\java\gitlab\utils\utils\project1\debug\vc140.idb
f:\java2\java\gitlab\utils\utils\project1\debug\imageproc.obj
f:\java2\java\gitlab\utils\utils\project1\debug\main.obj
f:\java2\java\gitlab\utils\utils\project1\debug\utils.obj
f:\java2\java\gitlab\utils\utils\debug\project1.ilk
f:\java2\java\gitlab\utils\utils\debug\project1.exe
f:\java2\java\gitlab\utils\utils\debug\project1.pdb
d:\iso\utils\project1\debug\imageproc.obj
d:\iso\utils\project1\debug\main.obj
d:\iso\utils\project1\debug\utils.obj
d:\iso\utils\project1\debug\imageproc.obj.enc
d:\iso\utils\project1\debug\vc140.idb
d:\iso\utils\project1\debug\vc140.pdb
d:\iso\utils\debug\project1.pdb
d:\iso\utils\debug\project1.exe
d:\iso\utils\debug\project1.ilk
d:\iso\utils\project1\debug\project1.tlog\cl.command.1.tlog
d:\iso\utils\project1\debug\project1.tlog\cl.read.1.tlog
d:\iso\utils\project1\debug\project1.tlog\cl.write.1.tlog
d:\iso\utils\project1\debug\project1.tlog\link.command.1.tlog
d:\iso\utils\project1\debug\project1.tlog\link.read.1.tlog
d:\iso\utils\project1\debug\project1.tlog\link.write.1.tlog
