f:\java2\java\gitlab\utils\utils\cpphookdll\debug\vc140.pdb
f:\java2\java\gitlab\utils\utils\cpphookdll\debug\vc140.idb
f:\java2\java\gitlab\utils\utils\cpphookdll\debug\hookdll.obj
c:\users\mike\desktop\eclipse\java\gitlab\utils\utils\debug\cpphookdll.lib
c:\users\mike\desktop\eclipse\java\gitlab\utils\utils\debug\cpphookdll.exp
f:\java2\java\gitlab\utils\utils\debug\cpphookdll.lib
f:\java2\java\gitlab\utils\utils\debug\cpphookdll.exp
f:\java2\java\gitlab\utils\utils\debug\cpphookdll.ilk
f:\java2\java\gitlab\utils\utils\debug\cpphookdll.dll
f:\java2\java\gitlab\utils\utils\debug\cpphookdll.pdb
d:\iso\utils\cpphookdll\debug\hookdll.obj
d:\iso\utils\cpphookdll\debug\vc140.idb
d:\iso\utils\cpphookdll\debug\vc140.pdb
d:\iso\utils\debug\cpphookdll.pdb
d:\iso\utils\debug\cpphookdll.dll
d:\iso\utils\debug\cpphookdll.ilk
d:\iso\utils\cpphookdll\debug\cpphookdll.tlog\cl.command.1.tlog
d:\iso\utils\cpphookdll\debug\cpphookdll.tlog\cl.read.1.tlog
d:\iso\utils\cpphookdll\debug\cpphookdll.tlog\cl.write.1.tlog
d:\iso\utils\cpphookdll\debug\cpphookdll.tlog\cpphookdll.write.1u.tlog
d:\iso\utils\cpphookdll\debug\cpphookdll.tlog\link.command.1.tlog
d:\iso\utils\cpphookdll\debug\cpphookdll.tlog\link.read.1.tlog
d:\iso\utils\cpphookdll\debug\cpphookdll.tlog\link.write.1.tlog
